<?xml version="1.0" encoding="UTF-8"?>
<testng-results skipped="0" failed="0" ignored="0" total="1" passed="1">
  <reporter-output>
  </reporter-output>
  <suite name="Default suite" duration-ms="46548" started-at="2021-08-23T19:31:54Z" finished-at="2021-08-23T19:32:40Z">
    <groups>
    </groups>
    <test name="Default test" duration-ms="46548" started-at="2021-08-23T19:31:54Z" finished-at="2021-08-23T19:32:40Z">
      <class name="org.xpath.MakeMyTrip">
        <test-method status="PASS" signature="lauchBrowser()[pri:0, instance:org.xpath.MakeMyTrip@42d80b78]" name="lauchBrowser" is-config="true" duration-ms="12233" started-at="2021-08-23T19:31:54Z" finished-at="2021-08-23T19:32:06Z">
          <reporter-output>
          </reporter-output>
        </test-method> <!-- lauchBrowser -->
        <test-method status="PASS" signature="search()[pri:0, instance:org.xpath.MakeMyTrip@42d80b78]" name="search" duration-ms="34264" started-at="2021-08-23T19:32:06Z" finished-at="2021-08-23T19:32:40Z">
          <reporter-output>
          </reporter-output>
        </test-method> <!-- search -->
      </class> <!-- org.xpath.MakeMyTrip -->
    </test> <!-- Default test -->
  </suite> <!-- Default suite -->
</testng-results>
